<?xml version="1.0" encoding="UTF-8"?>
<testsuites>
  <testsuite name="/Users/vladimir/evodrive/evodrive-app/phpunit.xml" tests="5" assertions="24" errors="0" failures="0" skipped="0" time="0.279465">
    <testsuite name="Unit" tests="5" assertions="24" errors="0" failures="0" skipped="0" time="0.279465">
      <testsuite name="Tests\Unit\Services\Utilization\DriverUtilizationServiceTest" file="/Users/vladimir/evodrive/evodrive-app/tests/Unit/Services/Utilization/DriverUtilizationServiceTest.php" tests="5" assertions="24" errors="0" failures="0" skipped="0" time="0.279465">
        <testcase name="test_same_day_planned_minutes" file="/Users/vladimir/evodrive/evodrive-app/tests/Unit/Services/Utilization/DriverUtilizationServiceTest.php" line="45" class="Tests\Unit\Services\Utilization\DriverUtilizationServiceTest" classname="Tests.Unit.Services.Utilization.DriverUtilizationServiceTest" assertions="7" time="0.203313"/>
        <testcase name="test_cross_midnight_split" file="/Users/vladimir/evodrive/evodrive-app/tests/Unit/Services/Utilization/DriverUtilizationServiceTest.php" line="71" class="Tests\Unit\Services\Utilization\DriverUtilizationServiceTest" classname="Tests.Unit.Services.Utilization.DriverUtilizationServiceTest" assertions="5" time="0.019694"/>
        <testcase name="test_overlapping_intervals_merge" file="/Users/vladimir/evodrive/evodrive-app/tests/Unit/Services/Utilization/DriverUtilizationServiceTest.php" line="96" class="Tests\Unit\Services\Utilization\DriverUtilizationServiceTest" classname="Tests.Unit.Services.Utilization.DriverUtilizationServiceTest" assertions="3" time="0.018886"/>
        <testcase name="test_planned_vs_worked" file="/Users/vladimir/evodrive/evodrive-app/tests/Unit/Services/Utilization/DriverUtilizationServiceTest.php" line="127" class="Tests\Unit\Services\Utilization\DriverUtilizationServiceTest" classname="Tests.Unit.Services.Utilization.DriverUtilizationServiceTest" assertions="4" time="0.019091"/>
        <testcase name="test_get_driver_day_breakdown" file="/Users/vladimir/evodrive/evodrive-app/tests/Unit/Services/Utilization/DriverUtilizationServiceTest.php" line="159" class="Tests\Unit\Services\Utilization\DriverUtilizationServiceTest" classname="Tests.Unit.Services.Utilization.DriverUtilizationServiceTest" assertions="5" time="0.018480"/>
      </testsuite>
    </testsuite>
  </testsuite>
</testsuites>
